{"C:\\Users\\daniel.valencia\\projects\\pets\\back\\src\\aplicacion\\pet\\command\\delete-pet.handler.ts": {"path":"C:\\Users\\daniel.valencia\\projects\\pets\\back\\src\\aplicacion\\pet\\command\\delete-pet.handler.ts","statementMap":{"0":{"start":{"line":1,"column":0},"end":{"line":1,"column":78}},"1":{"start":{"line":2,"column":0},"end":{"line":2,"column":44}},"2":{"start":{"line":5,"column":0},"end":{"line":11,"column":null}},"3":{"start":{"line":6,"column":31},"end":{"line":6,"column":50}},"4":{"start":{"line":9,"column":4},"end":{"line":9,"column":41}},"5":{"start":{"line":5,"column":13},"end":{"line":11,"column":null}},"6":{"start":{"line":5,"column":13},"end":{"line":5,"column":29}}},"fnMap":{"0":{"name":"(anonymous_2)","decl":{"start":{"line":6,"column":2},"end":{"line":6,"column":31}},"loc":{"start":{"line":6,"column":66},"end":{"line":6,"column":70}}},"1":{"name":"(anonymous_3)","decl":{"start":{"line":8,"column":2},"end":{"line":8,"column":7}},"loc":{"start":{"line":8,"column":22},"end":{"line":10,"column":3}}}},"branchMap":{},"s":{"0":1,"1":1,"2":1,"3":0,"4":0,"5":1,"6":1},"f":{"0":0,"1":0},"b":{}}
,"C:\\Users\\daniel.valencia\\projects\\pets\\back\\src\\aplicacion\\pet\\command\\store-pet.command.ts": {"path":"C:\\Users\\daniel.valencia\\projects\\pets\\back\\src\\aplicacion\\pet\\command\\store-pet.command.ts","statementMap":{"0":{"start":{"line":1,"column":0},"end":{"line":1,"column":52}},"1":{"start":{"line":2,"column":0},"end":{"line":2,"column":46}},"2":{"start":{"line":8,"column":2},"end":{"line":8,"column":null}},"3":{"start":{"line":12,"column":2},"end":{"line":12,"column":null}},"4":{"start":{"line":16,"column":2},"end":{"line":16,"column":null}},"5":{"start":{"line":5,"column":0},"end":{"line":5,"column":13}}},"fnMap":{},"branchMap":{},"s":{"0":1,"1":1,"2":1,"3":1,"4":1,"5":1},"f":{},"b":{}}
,"C:\\Users\\daniel.valencia\\projects\\pets\\back\\src\\aplicacion\\pet\\command\\store-pet.handler.ts": {"path":"C:\\Users\\daniel.valencia\\projects\\pets\\back\\src\\aplicacion\\pet\\command\\store-pet.handler.ts","statementMap":{"0":{"start":{"line":1,"column":0},"end":{"line":1,"column":44}},"1":{"start":{"line":2,"column":0},"end":{"line":2,"column":76}},"2":{"start":{"line":4,"column":0},"end":{"line":4,"column":48}},"3":{"start":{"line":7,"column":0},"end":{"line":19,"column":null}},"4":{"start":{"line":8,"column":31},"end":{"line":8,"column":49}},"5":{"start":{"line":11,"column":4},"end":{"line":17,"column":6}},"6":{"start":{"line":7,"column":13},"end":{"line":19,"column":null}},"7":{"start":{"line":7,"column":13},"end":{"line":7,"column":28}}},"fnMap":{"0":{"name":"(anonymous_2)","decl":{"start":{"line":8,"column":2},"end":{"line":8,"column":31}},"loc":{"start":{"line":8,"column":64},"end":{"line":8,"column":68}}},"1":{"name":"(anonymous_3)","decl":{"start":{"line":10,"column":2},"end":{"line":10,"column":7}},"loc":{"start":{"line":10,"column":44},"end":{"line":18,"column":3}}}},"branchMap":{},"s":{"0":1,"1":1,"2":1,"3":1,"4":1,"5":0,"6":1,"7":1},"f":{"0":1,"1":0},"b":{}}
,"C:\\Users\\daniel.valencia\\projects\\pets\\back\\src\\aplicacion\\pet\\command\\update-pet.handler.ts": {"path":"C:\\Users\\daniel.valencia\\projects\\pets\\back\\src\\aplicacion\\pet\\command\\update-pet.handler.ts","statementMap":{"0":{"start":{"line":1,"column":0},"end":{"line":1,"column":78}},"1":{"start":{"line":2,"column":0},"end":{"line":2,"column":44}},"2":{"start":{"line":4,"column":0},"end":{"line":4,"column":48}},"3":{"start":{"line":7,"column":0},"end":{"line":13,"column":null}},"4":{"start":{"line":8,"column":31},"end":{"line":8,"column":50}},"5":{"start":{"line":11,"column":4},"end":{"line":11,"column":116}},"6":{"start":{"line":7,"column":13},"end":{"line":13,"column":null}},"7":{"start":{"line":7,"column":13},"end":{"line":7,"column":29}}},"fnMap":{"0":{"name":"(anonymous_2)","decl":{"start":{"line":8,"column":2},"end":{"line":8,"column":31}},"loc":{"start":{"line":8,"column":66},"end":{"line":8,"column":70}}},"1":{"name":"(anonymous_3)","decl":{"start":{"line":10,"column":2},"end":{"line":10,"column":7}},"loc":{"start":{"line":10,"column":54},"end":{"line":12,"column":3}}}},"branchMap":{},"s":{"0":1,"1":1,"2":1,"3":1,"4":0,"5":0,"6":1,"7":1},"f":{"0":0,"1":0},"b":{}}
,"C:\\Users\\daniel.valencia\\projects\\pets\\back\\src\\aplicacion\\pet\\query\\find-pet.handler.ts": {"path":"C:\\Users\\daniel.valencia\\projects\\pets\\back\\src\\aplicacion\\pet\\query\\find-pet.handler.ts","statementMap":{"0":{"start":{"line":1,"column":0},"end":{"line":1,"column":44}},"1":{"start":{"line":2,"column":0},"end":{"line":2,"column":58}},"2":{"start":{"line":6,"column":0},"end":{"line":12,"column":null}},"3":{"start":{"line":7,"column":22},"end":{"line":7,"column":31}},"4":{"start":{"line":10,"column":4},"end":{"line":10,"column":39}},"5":{"start":{"line":6,"column":13},"end":{"line":12,"column":null}},"6":{"start":{"line":6,"column":13},"end":{"line":6,"column":27}}},"fnMap":{"0":{"name":"(anonymous_2)","decl":{"start":{"line":7,"column":2},"end":{"line":7,"column":22}},"loc":{"start":{"line":7,"column":37},"end":{"line":7,"column":41}}},"1":{"name":"(anonymous_3)","decl":{"start":{"line":9,"column":2},"end":{"line":9,"column":7}},"loc":{"start":{"line":9,"column":22},"end":{"line":11,"column":3}}}},"branchMap":{},"s":{"0":1,"1":1,"2":1,"3":0,"4":0,"5":1,"6":1},"f":{"0":0,"1":0},"b":{}}
,"C:\\Users\\daniel.valencia\\projects\\pets\\back\\src\\aplicacion\\pet\\query\\list-pets.handler.ts": {"path":"C:\\Users\\daniel.valencia\\projects\\pets\\back\\src\\aplicacion\\pet\\query\\list-pets.handler.ts","statementMap":{"0":{"start":{"line":1,"column":0},"end":{"line":1,"column":44}},"1":{"start":{"line":2,"column":0},"end":{"line":2,"column":58}},"2":{"start":{"line":6,"column":0},"end":{"line":12,"column":null}},"3":{"start":{"line":7,"column":22},"end":{"line":7,"column":31}},"4":{"start":{"line":10,"column":4},"end":{"line":10,"column":40}},"5":{"start":{"line":6,"column":13},"end":{"line":12,"column":null}},"6":{"start":{"line":6,"column":13},"end":{"line":6,"column":28}}},"fnMap":{"0":{"name":"(anonymous_2)","decl":{"start":{"line":7,"column":2},"end":{"line":7,"column":22}},"loc":{"start":{"line":7,"column":37},"end":{"line":7,"column":41}}},"1":{"name":"(anonymous_3)","decl":{"start":{"line":9,"column":2},"end":{"line":9,"column":7}},"loc":{"start":{"line":9,"column":11},"end":{"line":11,"column":3}}}},"branchMap":{},"s":{"0":1,"1":1,"2":1,"3":1,"4":0,"5":1,"6":1},"f":{"0":1,"1":0},"b":{}}
,"C:\\Users\\daniel.valencia\\projects\\pets\\back\\src\\aplicacion\\usuario\\comando\\registar-usuario.manejador.ts": {"path":"C:\\Users\\daniel.valencia\\projects\\pets\\back\\src\\aplicacion\\usuario\\comando\\registar-usuario.manejador.ts","statementMap":{"0":{"start":{"line":1,"column":0},"end":{"line":1,"column":44}},"1":{"start":{"line":2,"column":0},"end":{"line":2,"column":99}},"2":{"start":{"line":4,"column":0},"end":{"line":4,"column":61}},"3":{"start":{"line":7,"column":0},"end":{"line":19,"column":null}},"4":{"start":{"line":8,"column":22},"end":{"line":8,"column":49}},"5":{"start":{"line":11,"column":4},"end":{"line":17,"column":6}},"6":{"start":{"line":7,"column":13},"end":{"line":19,"column":null}},"7":{"start":{"line":7,"column":13},"end":{"line":7,"column":38}}},"fnMap":{"0":{"name":"(anonymous_2)","decl":{"start":{"line":8,"column":2},"end":{"line":8,"column":22}},"loc":{"start":{"line":8,"column":73},"end":{"line":8,"column":77}}},"1":{"name":"(anonymous_3)","decl":{"start":{"line":10,"column":2},"end":{"line":10,"column":7}},"loc":{"start":{"line":10,"column":65},"end":{"line":18,"column":3}}}},"branchMap":{},"s":{"0":2,"1":2,"2":2,"3":2,"4":2,"5":4,"6":2,"7":2},"f":{"0":2,"1":4},"b":{}}
,"C:\\Users\\daniel.valencia\\projects\\pets\\back\\src\\aplicacion\\usuario\\comando\\registrar-usuario.comando.ts": {"path":"C:\\Users\\daniel.valencia\\projects\\pets\\back\\src\\aplicacion\\usuario\\comando\\registrar-usuario.comando.ts","statementMap":{"0":{"start":{"line":1,"column":0},"end":{"line":1,"column":43}},"1":{"start":{"line":2,"column":0},"end":{"line":2,"column":46}},"2":{"start":{"line":7,"column":2},"end":{"line":7,"column":null}},"3":{"start":{"line":11,"column":2},"end":{"line":11,"column":null}},"4":{"start":{"line":15,"column":2},"end":{"line":15,"column":null}},"5":{"start":{"line":4,"column":0},"end":{"line":4,"column":13}}},"fnMap":{},"branchMap":{},"s":{"0":2,"1":2,"2":2,"3":2,"4":2,"5":2},"f":{},"b":{}}
,"C:\\Users\\daniel.valencia\\projects\\pets\\back\\src\\aplicacion\\usuario\\consulta\\listar-usuarios.manejador.ts": {"path":"C:\\Users\\daniel.valencia\\projects\\pets\\back\\src\\aplicacion\\usuario\\consulta\\listar-usuarios.manejador.ts","statementMap":{"0":{"start":{"line":1,"column":0},"end":{"line":1,"column":44}},"1":{"start":{"line":3,"column":0},"end":{"line":3,"column":72}},"2":{"start":{"line":7,"column":0},"end":{"line":13,"column":null}},"3":{"start":{"line":8,"column":22},"end":{"line":8,"column":35}},"4":{"start":{"line":11,"column":4},"end":{"line":11,"column":43}},"5":{"start":{"line":7,"column":13},"end":{"line":13,"column":null}},"6":{"start":{"line":7,"column":13},"end":{"line":7,"column":35}}},"fnMap":{"0":{"name":"(anonymous_2)","decl":{"start":{"line":8,"column":2},"end":{"line":8,"column":22}},"loc":{"start":{"line":8,"column":45},"end":{"line":8,"column":49}}},"1":{"name":"(anonymous_3)","decl":{"start":{"line":10,"column":2},"end":{"line":10,"column":7}},"loc":{"start":{"line":10,"column":16},"end":{"line":12,"column":3}}}},"branchMap":{},"s":{"0":2,"1":2,"2":2,"3":2,"4":2,"5":2,"6":2},"f":{"0":2,"1":2},"b":{}}
,"C:\\Users\\daniel.valencia\\projects\\pets\\back\\src\\dominio\\errores\\error-de-negocio.ts": {"path":"C:\\Users\\daniel.valencia\\projects\\pets\\back\\src\\dominio\\errores\\error-de-negocio.ts","statementMap":{"0":{"start":{"line":3,"column":4},"end":{"line":3,"column":19}},"1":{"start":{"line":4,"column":4},"end":{"line":4,"column":45}},"2":{"start":{"line":1,"column":0},"end":{"line":1,"column":13}}},"fnMap":{"0":{"name":"(anonymous_0)","decl":{"start":{"line":2,"column":2},"end":{"line":2,"column":14}},"loc":{"start":{"line":2,"column":45},"end":{"line":5,"column":3}}}},"branchMap":{"0":{"loc":{"start":{"line":4,"column":16},"end":{"line":4,"column":21}},"type":"binary-expr","locations":[{"start":{"line":4,"column":16},"end":{"line":4,"column":21}},{"start":{"line":4,"column":25},"end":{"line":4,"column":44}}]}},"s":{"0":13,"1":13,"2":9},"f":{"0":13},"b":{"0":[13,3]}}
,"C:\\Users\\daniel.valencia\\projects\\pets\\back\\src\\dominio\\errores\\error-longitud-invalida.ts": {"path":"C:\\Users\\daniel.valencia\\projects\\pets\\back\\src\\dominio\\errores\\error-longitud-invalida.ts","statementMap":{"0":{"start":{"line":1,"column":0},"end":{"line":1,"column":52}},"1":{"start":{"line":5,"column":4},"end":{"line":5,"column":47}},"2":{"start":{"line":3,"column":0},"end":{"line":3,"column":13}}},"fnMap":{"0":{"name":"(anonymous_0)","decl":{"start":{"line":4,"column":2},"end":{"line":4,"column":14}},"loc":{"start":{"line":4,"column":29},"end":{"line":6,"column":3}}}},"branchMap":{},"s":{"0":4,"1":4,"2":4},"f":{"0":4},"b":{}}
,"C:\\Users\\daniel.valencia\\projects\\pets\\back\\src\\dominio\\errores\\error-valor-requerido.ts": {"path":"C:\\Users\\daniel.valencia\\projects\\pets\\back\\src\\dominio\\errores\\error-valor-requerido.ts","statementMap":{"0":{"start":{"line":1,"column":0},"end":{"line":1,"column":52}},"1":{"start":{"line":5,"column":4},"end":{"line":5,"column":45}},"2":{"start":{"line":3,"column":0},"end":{"line":3,"column":13}}},"fnMap":{"0":{"name":"(anonymous_0)","decl":{"start":{"line":4,"column":2},"end":{"line":4,"column":14}},"loc":{"start":{"line":4,"column":29},"end":{"line":6,"column":3}}}},"branchMap":{},"s":{"0":5,"1":6,"2":5},"f":{"0":6},"b":{}}
,"C:\\Users\\daniel.valencia\\projects\\pets\\back\\src\\dominio\\pet\\model\\pet.ts": {"path":"C:\\Users\\daniel.valencia\\projects\\pets\\back\\src\\dominio\\pet\\model\\pet.ts","statementMap":{"0":{"start":{"line":1,"column":0},"end":{"line":1,"column":80}},"1":{"start":{"line":5,"column":2},"end":{"line":5,"column":22}},"2":{"start":{"line":6,"column":2},"end":{"line":6,"column":24}},"3":{"start":{"line":7,"column":2},"end":{"line":7,"column":29}},"4":{"start":{"line":8,"column":2},"end":{"line":8,"column":31}},"5":{"start":{"line":11,"column":6},"end":{"line":11,"column":38}},"6":{"start":{"line":12,"column":6},"end":{"line":12,"column":24}},"7":{"start":{"line":13,"column":6},"end":{"line":13,"column":34}},"8":{"start":{"line":14,"column":6},"end":{"line":14,"column":32}},"9":{"start":{"line":18,"column":6},"end":{"line":22,"column":null}},"10":{"start":{"line":19,"column":8},"end":{"line":21,"column":10}},"11":{"start":{"line":26,"column":4},"end":{"line":26,"column":20}},"12":{"start":{"line":30,"column":4},"end":{"line":30,"column":22}},"13":{"start":{"line":34,"column":4},"end":{"line":34,"column":27}},"14":{"start":{"line":38,"column":4},"end":{"line":38,"column":26}},"15":{"start":{"line":4,"column":0},"end":{"line":4,"column":13}}},"fnMap":{"0":{"name":"(anonymous_2)","decl":{"start":{"line":10,"column":2},"end":{"line":10,"column":14}},"loc":{"start":{"line":10,"column":61},"end":{"line":15,"column":3}}},"1":{"name":"(anonymous_3)","decl":{"start":{"line":17,"column":10},"end":{"line":17,"column":30}},"loc":{"start":{"line":17,"column":43},"end":{"line":23,"column":5}}},"2":{"name":"(anonymous_4)","decl":{"start":{"line":25,"column":2},"end":{"line":25,"column":6}},"loc":{"start":{"line":25,"column":8},"end":{"line":27,"column":3}}},"3":{"name":"(anonymous_5)","decl":{"start":{"line":29,"column":2},"end":{"line":29,"column":6}},"loc":{"start":{"line":29,"column":10},"end":{"line":31,"column":3}}},"4":{"name":"(anonymous_6)","decl":{"start":{"line":33,"column":2},"end":{"line":33,"column":6}},"loc":{"start":{"line":33,"column":15},"end":{"line":35,"column":3}}},"5":{"name":"(anonymous_7)","decl":{"start":{"line":37,"column":2},"end":{"line":37,"column":6}},"loc":{"start":{"line":37,"column":14},"end":{"line":39,"column":3}}}},"branchMap":{"0":{"loc":{"start":{"line":18,"column":6},"end":{"line":22,"column":null}},"type":"if","locations":[{"start":{"line":18,"column":6},"end":{"line":22,"column":null}},{"start":{"line":18,"column":6},"end":{"line":22,"column":null}}]},"1":{"loc":{"start":{"line":18,"column":10},"end":{"line":18,"column":15}},"type":"binary-expr","locations":[{"start":{"line":18,"column":10},"end":{"line":18,"column":15}},{"start":{"line":18,"column":19},"end":{"line":18,"column":30}}]}},"s":{"0":4,"1":5,"2":5,"3":5,"4":5,"5":5,"6":4,"7":4,"8":4,"9":5,"10":1,"11":0,"12":1,"13":1,"14":0,"15":4},"f":{"0":5,"1":5,"2":0,"3":1,"4":1,"5":0},"b":{"0":[1,4],"1":[5,4]}}
,"C:\\Users\\daniel.valencia\\projects\\pets\\back\\src\\dominio\\pet\\port\\dao\\pet-dao.ts": {"path":"C:\\Users\\daniel.valencia\\projects\\pets\\back\\src\\dominio\\pet\\port\\dao\\pet-dao.ts","statementMap":{"0":{"start":{"line":3,"column":0},"end":{"line":3,"column":22}}},"fnMap":{},"branchMap":{},"s":{"0":1},"f":{},"b":{}}
,"C:\\Users\\daniel.valencia\\projects\\pets\\back\\src\\dominio\\pet\\port\\repository\\pet-repository.ts": {"path":"C:\\Users\\daniel.valencia\\projects\\pets\\back\\src\\dominio\\pet\\port\\repository\\pet-repository.ts","statementMap":{"0":{"start":{"line":3,"column":0},"end":{"line":3,"column":22}}},"fnMap":{},"branchMap":{},"s":{"0":1},"f":{},"b":{}}
,"C:\\Users\\daniel.valencia\\projects\\pets\\back\\src\\dominio\\pet\\service\\delete-pet-service.ts": {"path":"C:\\Users\\daniel.valencia\\projects\\pets\\back\\src\\dominio\\pet\\service\\delete-pet-service.ts","statementMap":{"0":{"start":{"line":4,"column":31},"end":{"line":4,"column":60}},"1":{"start":{"line":7,"column":4},"end":{"line":7,"column":41}},"2":{"start":{"line":3,"column":0},"end":{"line":3,"column":13}}},"fnMap":{"0":{"name":"(anonymous_0)","decl":{"start":{"line":4,"column":2},"end":{"line":4,"column":31}},"loc":{"start":{"line":4,"column":60},"end":{"line":4,"column":64}}},"1":{"name":"(anonymous_1)","decl":{"start":{"line":6,"column":2},"end":{"line":6,"column":7}},"loc":{"start":{"line":6,"column":22},"end":{"line":8,"column":3}}}},"branchMap":{},"s":{"0":0,"1":0,"2":1},"f":{"0":0,"1":0},"b":{}}
,"C:\\Users\\daniel.valencia\\projects\\pets\\back\\src\\dominio\\pet\\service\\store-pet-service.ts": {"path":"C:\\Users\\daniel.valencia\\projects\\pets\\back\\src\\dominio\\pet\\service\\store-pet-service.ts","statementMap":{"0":{"start":{"line":5,"column":31},"end":{"line":5,"column":60}},"1":{"start":{"line":7,"column":4},"end":{"line":7,"column":40}},"2":{"start":{"line":4,"column":0},"end":{"line":4,"column":13}}},"fnMap":{"0":{"name":"(anonymous_0)","decl":{"start":{"line":5,"column":2},"end":{"line":5,"column":31}},"loc":{"start":{"line":5,"column":60},"end":{"line":5,"column":64}}},"1":{"name":"(anonymous_1)","decl":{"start":{"line":6,"column":2},"end":{"line":6,"column":7}},"loc":{"start":{"line":6,"column":20},"end":{"line":8,"column":3}}}},"branchMap":{},"s":{"0":2,"1":1,"2":2},"f":{"0":2,"1":1},"b":{}}
,"C:\\Users\\daniel.valencia\\projects\\pets\\back\\src\\dominio\\pet\\service\\update-pet-service.ts": {"path":"C:\\Users\\daniel.valencia\\projects\\pets\\back\\src\\dominio\\pet\\service\\update-pet-service.ts","statementMap":{"0":{"start":{"line":5,"column":31},"end":{"line":5,"column":60}},"1":{"start":{"line":8,"column":4},"end":{"line":8,"column":46}},"2":{"start":{"line":4,"column":0},"end":{"line":4,"column":13}}},"fnMap":{"0":{"name":"(anonymous_0)","decl":{"start":{"line":5,"column":2},"end":{"line":5,"column":31}},"loc":{"start":{"line":5,"column":60},"end":{"line":5,"column":64}}},"1":{"name":"(anonymous_1)","decl":{"start":{"line":7,"column":2},"end":{"line":7,"column":7}},"loc":{"start":{"line":7,"column":32},"end":{"line":9,"column":3}}}},"branchMap":{},"s":{"0":0,"1":0,"2":1},"f":{"0":0,"1":0},"b":{}}
,"C:\\Users\\daniel.valencia\\projects\\pets\\back\\src\\dominio\\usuario\\modelo\\usuario.ts": {"path":"C:\\Users\\daniel.valencia\\projects\\pets\\back\\src\\dominio\\usuario\\modelo\\usuario.ts","statementMap":{"0":{"start":{"line":1,"column":0},"end":{"line":1,"column":84}},"1":{"start":{"line":3,"column":39},"end":{"line":3,"column":40}},"2":{"start":{"line":5,"column":2},"end":{"line":5,"column":25}},"3":{"start":{"line":6,"column":2},"end":{"line":6,"column":26}},"4":{"start":{"line":7,"column":2},"end":{"line":7,"column":29}},"5":{"start":{"line":10,"column":4},"end":{"line":10,"column":38}},"6":{"start":{"line":11,"column":4},"end":{"line":11,"column":22}},"7":{"start":{"line":12,"column":4},"end":{"line":12,"column":24}},"8":{"start":{"line":13,"column":4},"end":{"line":13,"column":30}},"9":{"start":{"line":17,"column":4},"end":{"line":21,"column":null}},"10":{"start":{"line":18,"column":6},"end":{"line":20,"column":8}},"11":{"start":{"line":25,"column":4},"end":{"line":25,"column":22}},"12":{"start":{"line":29,"column":4},"end":{"line":29,"column":23}},"13":{"start":{"line":33,"column":4},"end":{"line":33,"column":26}},"14":{"start":{"line":4,"column":0},"end":{"line":4,"column":13}}},"fnMap":{"0":{"name":"(anonymous_2)","decl":{"start":{"line":9,"column":2},"end":{"line":9,"column":14}},"loc":{"start":{"line":9,"column":58},"end":{"line":14,"column":3}}},"1":{"name":"(anonymous_3)","decl":{"start":{"line":16,"column":10},"end":{"line":16,"column":28}},"loc":{"start":{"line":16,"column":42},"end":{"line":22,"column":3}}},"2":{"name":"(anonymous_4)","decl":{"start":{"line":24,"column":2},"end":{"line":24,"column":6}},"loc":{"start":{"line":24,"column":10},"end":{"line":26,"column":3}}},"3":{"name":"(anonymous_5)","decl":{"start":{"line":28,"column":2},"end":{"line":28,"column":6}},"loc":{"start":{"line":28,"column":11},"end":{"line":30,"column":3}}},"4":{"name":"(anonymous_6)","decl":{"start":{"line":32,"column":2},"end":{"line":32,"column":6}},"loc":{"start":{"line":32,"column":14},"end":{"line":34,"column":3}}}},"branchMap":{"0":{"loc":{"start":{"line":17,"column":4},"end":{"line":21,"column":null}},"type":"if","locations":[{"start":{"line":17,"column":4},"end":{"line":21,"column":null}},{"start":{"line":17,"column":4},"end":{"line":21,"column":null}}]}},"s":{"0":4,"1":4,"2":8,"3":8,"4":8,"5":8,"6":5,"7":5,"8":5,"9":8,"10":3,"11":1,"12":7,"13":1,"14":4},"f":{"0":8,"1":8,"2":1,"3":7,"4":1},"b":{"0":[3,5]}}
,"C:\\Users\\daniel.valencia\\projects\\pets\\back\\src\\dominio\\usuario\\puerto\\dao\\dao-usuario.ts": {"path":"C:\\Users\\daniel.valencia\\projects\\pets\\back\\src\\dominio\\usuario\\puerto\\dao\\dao-usuario.ts","statementMap":{"0":{"start":{"line":3,"column":0},"end":{"line":3,"column":22}}},"fnMap":{},"branchMap":{},"s":{"0":2},"f":{},"b":{}}
,"C:\\Users\\daniel.valencia\\projects\\pets\\back\\src\\dominio\\usuario\\puerto\\repositorio\\repositorio-usuario.ts": {"path":"C:\\Users\\daniel.valencia\\projects\\pets\\back\\src\\dominio\\usuario\\puerto\\repositorio\\repositorio-usuario.ts","statementMap":{"0":{"start":{"line":3,"column":0},"end":{"line":3,"column":22}}},"fnMap":{},"branchMap":{},"s":{"0":2},"f":{},"b":{}}
,"C:\\Users\\daniel.valencia\\projects\\pets\\back\\src\\dominio\\usuario\\servicio\\servicio-registrar-usuario.ts": {"path":"C:\\Users\\daniel.valencia\\projects\\pets\\back\\src\\dominio\\usuario\\servicio\\servicio-registrar-usuario.ts","statementMap":{"0":{"start":{"line":3,"column":0},"end":{"line":3,"column":70}},"1":{"start":{"line":6,"column":31},"end":{"line":6,"column":70}},"2":{"start":{"line":9,"column":4},"end":{"line":11,"column":null}},"3":{"start":{"line":10,"column":6},"end":{"line":10,"column":78}},"4":{"start":{"line":12,"column":4},"end":{"line":12,"column":52}},"5":{"start":{"line":5,"column":0},"end":{"line":5,"column":13}}},"fnMap":{"0":{"name":"(anonymous_0)","decl":{"start":{"line":6,"column":2},"end":{"line":6,"column":31}},"loc":{"start":{"line":6,"column":70},"end":{"line":6,"column":74}}},"1":{"name":"(anonymous_1)","decl":{"start":{"line":8,"column":2},"end":{"line":8,"column":7}},"loc":{"start":{"line":8,"column":33},"end":{"line":13,"column":3}}}},"branchMap":{"0":{"loc":{"start":{"line":9,"column":4},"end":{"line":11,"column":null}},"type":"if","locations":[{"start":{"line":9,"column":4},"end":{"line":11,"column":null}},{"start":{"line":9,"column":4},"end":{"line":11,"column":null}}]}},"s":{"0":3,"1":4,"2":4,"3":3,"4":1,"5":3},"f":{"0":4,"1":4},"b":{"0":[3,1]}}
,"C:\\Users\\daniel.valencia\\projects\\pets\\back\\src\\dominio\\vaccine\\model\\vaccine.ts": {"path":"C:\\Users\\daniel.valencia\\projects\\pets\\back\\src\\dominio\\vaccine\\model\\vaccine.ts","statementMap":{"0":{"start":{"line":1,"column":0},"end":{"line":1,"column":80}},"1":{"start":{"line":6,"column":2},"end":{"line":6,"column":24}},"2":{"start":{"line":7,"column":2},"end":{"line":7,"column":24}},"3":{"start":{"line":8,"column":2},"end":{"line":8,"column":20}},"4":{"start":{"line":11,"column":4},"end":{"line":11,"column":36}},"5":{"start":{"line":12,"column":4},"end":{"line":12,"column":36}},"6":{"start":{"line":13,"column":4},"end":{"line":13,"column":22}},"7":{"start":{"line":14,"column":4},"end":{"line":14,"column":22}},"8":{"start":{"line":15,"column":4},"end":{"line":15,"column":20}},"9":{"start":{"line":19,"column":4},"end":{"line":23,"column":null}},"10":{"start":{"line":20,"column":6},"end":{"line":22,"column":8}},"11":{"start":{"line":27,"column":4},"end":{"line":31,"column":null}},"12":{"start":{"line":28,"column":6},"end":{"line":30,"column":8}},"13":{"start":{"line":35,"column":4},"end":{"line":35,"column":22}},"14":{"start":{"line":39,"column":4},"end":{"line":39,"column":22}},"15":{"start":{"line":43,"column":4},"end":{"line":43,"column":21}},"16":{"start":{"line":5,"column":0},"end":{"line":5,"column":13}}},"fnMap":{"0":{"name":"(anonymous_2)","decl":{"start":{"line":10,"column":2},"end":{"line":10,"column":14}},"loc":{"start":{"line":10,"column":45},"end":{"line":16,"column":3}}},"1":{"name":"(anonymous_3)","decl":{"start":{"line":18,"column":10},"end":{"line":18,"column":30}},"loc":{"start":{"line":18,"column":43},"end":{"line":24,"column":3}}},"2":{"name":"(anonymous_4)","decl":{"start":{"line":26,"column":10},"end":{"line":26,"column":30}},"loc":{"start":{"line":26,"column":43},"end":{"line":32,"column":3}}},"3":{"name":"(anonymous_5)","decl":{"start":{"line":34,"column":2},"end":{"line":34,"column":6}},"loc":{"start":{"line":34,"column":10},"end":{"line":36,"column":3}}},"4":{"name":"(anonymous_6)","decl":{"start":{"line":38,"column":2},"end":{"line":38,"column":6}},"loc":{"start":{"line":38,"column":10},"end":{"line":40,"column":3}}},"5":{"name":"(anonymous_7)","decl":{"start":{"line":42,"column":2},"end":{"line":42,"column":6}},"loc":{"start":{"line":42,"column":9},"end":{"line":44,"column":3}}}},"branchMap":{"0":{"loc":{"start":{"line":19,"column":4},"end":{"line":23,"column":null}},"type":"if","locations":[{"start":{"line":19,"column":4},"end":{"line":23,"column":null}},{"start":{"line":19,"column":4},"end":{"line":23,"column":null}}]},"1":{"loc":{"start":{"line":19,"column":8},"end":{"line":19,"column":13}},"type":"binary-expr","locations":[{"start":{"line":19,"column":8},"end":{"line":19,"column":13}},{"start":{"line":19,"column":17},"end":{"line":19,"column":28}}]},"2":{"loc":{"start":{"line":27,"column":4},"end":{"line":31,"column":null}},"type":"if","locations":[{"start":{"line":27,"column":4},"end":{"line":31,"column":null}},{"start":{"line":27,"column":4},"end":{"line":31,"column":null}}]},"3":{"loc":{"start":{"line":27,"column":8},"end":{"line":27,"column":13}},"type":"binary-expr","locations":[{"start":{"line":27,"column":8},"end":{"line":27,"column":13}},{"start":{"line":27,"column":17},"end":{"line":27,"column":28}}]}},"s":{"0":2,"1":6,"2":6,"3":6,"4":6,"5":5,"6":4,"7":4,"8":4,"9":6,"10":1,"11":5,"12":1,"13":2,"14":2,"15":0,"16":2},"f":{"0":6,"1":6,"2":5,"3":2,"4":2,"5":0},"b":{"0":[1,5],"1":[6,5],"2":[1,4],"3":[5,4]}}
,"C:\\Users\\daniel.valencia\\projects\\pets\\back\\src\\dominio\\vaccine\\service\\delete-vaccine-service.ts": {"path":"C:\\Users\\daniel.valencia\\projects\\pets\\back\\src\\dominio\\vaccine\\service\\delete-vaccine-service.ts","statementMap":{"0":{"start":{"line":4,"column":31},"end":{"line":4,"column":68}},"1":{"start":{"line":7,"column":4},"end":{"line":7,"column":45}},"2":{"start":{"line":3,"column":0},"end":{"line":3,"column":13}}},"fnMap":{"0":{"name":"(anonymous_0)","decl":{"start":{"line":4,"column":2},"end":{"line":4,"column":31}},"loc":{"start":{"line":4,"column":68},"end":{"line":4,"column":72}}},"1":{"name":"(anonymous_1)","decl":{"start":{"line":6,"column":2},"end":{"line":6,"column":7}},"loc":{"start":{"line":6,"column":22},"end":{"line":8,"column":3}}}},"branchMap":{},"s":{"0":2,"1":1,"2":1},"f":{"0":2,"1":1},"b":{}}
,"C:\\Users\\daniel.valencia\\projects\\pets\\back\\src\\dominio\\vaccine\\service\\store-vaccine-service.ts": {"path":"C:\\Users\\daniel.valencia\\projects\\pets\\back\\src\\dominio\\vaccine\\service\\store-vaccine-service.ts","statementMap":{"0":{"start":{"line":5,"column":31},"end":{"line":5,"column":68}},"1":{"start":{"line":8,"column":4},"end":{"line":8,"column":48}},"2":{"start":{"line":4,"column":0},"end":{"line":4,"column":13}}},"fnMap":{"0":{"name":"(anonymous_0)","decl":{"start":{"line":5,"column":2},"end":{"line":5,"column":31}},"loc":{"start":{"line":5,"column":68},"end":{"line":5,"column":72}}},"1":{"name":"(anonymous_1)","decl":{"start":{"line":7,"column":2},"end":{"line":7,"column":7}},"loc":{"start":{"line":7,"column":28},"end":{"line":9,"column":3}}}},"branchMap":{},"s":{"0":2,"1":2,"2":1},"f":{"0":2,"1":2},"b":{}}
,"C:\\Users\\daniel.valencia\\projects\\pets\\back\\src\\infraestructura\\configuracion\\ceiba-logger.config.ts": {"path":"C:\\Users\\daniel.valencia\\projects\\pets\\back\\src\\infraestructura\\configuracion\\ceiba-logger.config.ts","statementMap":{"0":{"start":{"line":1,"column":0},"end":{"line":1,"column":59}},"1":{"start":{"line":4,"column":0},"end":{"line":10,"column":null}},"2":{"start":{"line":7,"column":4},"end":{"line":7,"column":78}},"3":{"start":{"line":4,"column":13},"end":{"line":10,"column":null}},"4":{"start":{"line":4,"column":13},"end":{"line":4,"column":24}}},"fnMap":{"0":{"name":"(anonymous_1)","decl":{"start":{"line":6,"column":9},"end":{"line":6,"column":20}},"loc":{"start":{"line":6,"column":33},"end":{"line":8,"column":3}}}},"branchMap":{},"s":{"0":3,"1":3,"2":4,"3":3,"4":3},"f":{"0":4},"b":{}}
,"C:\\Users\\daniel.valencia\\projects\\pets\\back\\src\\infraestructura\\excepciones\\filtro-excepciones-negocio.ts": {"path":"C:\\Users\\daniel.valencia\\projects\\pets\\back\\src\\infraestructura\\excepciones\\filtro-excepciones-negocio.ts","statementMap":{"0":{"start":{"line":1,"column":0},"end":{"line":1,"column":83}},"1":{"start":{"line":3,"column":0},"end":{"line":3,"column":70}},"2":{"start":{"line":5,"column":0},"end":{"line":5,"column":67}},"3":{"start":{"line":8,"column":39},"end":{"line":31,"column":null}},"4":{"start":{"line":10,"column":31},"end":{"line":10,"column":39}},"5":{"start":{"line":11,"column":4},"end":{"line":11,"column":60}},"6":{"start":{"line":15,"column":16},"end":{"line":15,"column":35}},"7":{"start":{"line":16,"column":21},"end":{"line":16,"column":48}},"8":{"start":{"line":17,"column":20},"end":{"line":17,"column":45}},"9":{"start":{"line":19,"column":23},"end":{"line":19,"column":45}},"10":{"start":{"line":21,"column":29},"end":{"line":26,"column":6}},"11":{"start":{"line":28,"column":4},"end":{"line":28,"column":35}},"12":{"start":{"line":29,"column":4},"end":{"line":29,"column":46}},"13":{"start":{"line":8,"column":13},"end":{"line":31,"column":null}},"14":{"start":{"line":8,"column":13},"end":{"line":8,"column":39}}},"fnMap":{"0":{"name":"(anonymous_2)","decl":{"start":{"line":10,"column":2},"end":{"line":10,"column":31}},"loc":{"start":{"line":10,"column":50},"end":{"line":12,"column":3}}},"1":{"name":"(anonymous_3)","decl":{"start":{"line":14,"column":2},"end":{"line":14,"column":7}},"loc":{"start":{"line":14,"column":50},"end":{"line":30,"column":3}}}},"branchMap":{},"s":{"0":3,"1":3,"2":3,"3":3,"4":2,"5":2,"6":4,"7":4,"8":4,"9":4,"10":4,"11":4,"12":4,"13":3,"14":3},"f":{"0":2,"1":4},"b":{}}
,"C:\\Users\\daniel.valencia\\projects\\pets\\back\\src\\infraestructura\\pet\\adapter\\dao\\pet-mysql-dao.ts": {"path":"C:\\Users\\daniel.valencia\\projects\\pets\\back\\src\\infraestructura\\pet\\adapter\\dao\\pet-mysql-dao.ts","statementMap":{"0":{"start":{"line":3,"column":0},"end":{"line":3,"column":54}},"1":{"start":{"line":4,"column":0},"end":{"line":4,"column":40}},"2":{"start":{"line":6,"column":0},"end":{"line":19,"column":null}},"3":{"start":{"line":9,"column":21},"end":{"line":9,"column":36}},"4":{"start":{"line":12,"column":4},"end":{"line":14,"column":6}},"5":{"start":{"line":17,"column":4},"end":{"line":17,"column":66}},"6":{"start":{"line":6,"column":13},"end":{"line":19,"column":null}},"7":{"start":{"line":6,"column":13},"end":{"line":6,"column":24}}},"fnMap":{"0":{"name":"(anonymous_4)","decl":{"start":{"line":7,"column":2},"end":{"line":7,"column":null}},"loc":{"start":{"line":9,"column":49},"end":{"line":10,"column":6}}},"1":{"name":"(anonymous_5)","decl":{"start":{"line":11,"column":2},"end":{"line":11,"column":7}},"loc":{"start":{"line":11,"column":23},"end":{"line":15,"column":3}}},"2":{"name":"(anonymous_6)","decl":{"start":{"line":16,"column":2},"end":{"line":16,"column":7}},"loc":{"start":{"line":16,"column":15},"end":{"line":18,"column":3}}}},"branchMap":{},"s":{"0":1,"1":1,"2":1,"3":0,"4":0,"5":0,"6":1,"7":1},"f":{"0":0,"1":0,"2":0},"b":{}}
,"C:\\Users\\daniel.valencia\\projects\\pets\\back\\src\\infraestructura\\pet\\adapter\\repository\\pet-mysql-repository.ts": {"path":"C:\\Users\\daniel.valencia\\projects\\pets\\back\\src\\infraestructura\\pet\\adapter\\repository\\pet-mysql-repository.ts","statementMap":{"0":{"start":{"line":1,"column":0},"end":{"line":1,"column":51}},"1":{"start":{"line":3,"column":0},"end":{"line":3,"column":52}},"2":{"start":{"line":4,"column":0},"end":{"line":4,"column":48}},"3":{"start":{"line":5,"column":0},"end":{"line":5,"column":37}},"4":{"start":{"line":6,"column":0},"end":{"line":6,"column":44}},"5":{"start":{"line":10,"column":0},"end":{"line":41,"column":null}},"6":{"start":{"line":13,"column":21},"end":{"line":13,"column":33}},"7":{"start":{"line":16,"column":31},"end":{"line":16,"column":72}},"8":{"start":{"line":17,"column":4},"end":{"line":17,"column":30}},"9":{"start":{"line":18,"column":4},"end":{"line":18,"column":40}},"10":{"start":{"line":19,"column":4},"end":{"line":19,"column":28}},"11":{"start":{"line":20,"column":4},"end":{"line":20,"column":42}},"12":{"start":{"line":23,"column":4},"end":{"line":23,"column":37}},"13":{"start":{"line":27,"column":31},"end":{"line":27,"column":72}},"14":{"start":{"line":28,"column":4},"end":{"line":28,"column":60}},"15":{"start":{"line":32,"column":4},"end":{"line":32,"column":57}},"16":{"start":{"line":36,"column":22},"end":{"line":36,"column":37}},"17":{"start":{"line":37,"column":4},"end":{"line":37,"column":30}},"18":{"start":{"line":38,"column":4},"end":{"line":38,"column":40}},"19":{"start":{"line":39,"column":4},"end":{"line":39,"column":42}},"20":{"start":{"line":10,"column":13},"end":{"line":41,"column":null}},"21":{"start":{"line":10,"column":13},"end":{"line":10,"column":31}}},"fnMap":{"0":{"name":"(anonymous_4)","decl":{"start":{"line":11,"column":2},"end":{"line":11,"column":null}},"loc":{"start":{"line":13,"column":54},"end":{"line":14,"column":6}}},"1":{"name":"(anonymous_5)","decl":{"start":{"line":15,"column":2},"end":{"line":15,"column":7}},"loc":{"start":{"line":15,"column":35},"end":{"line":21,"column":3}}},"2":{"name":"(anonymous_6)","decl":{"start":{"line":22,"column":2},"end":{"line":22,"column":7}},"loc":{"start":{"line":22,"column":25},"end":{"line":24,"column":3}}},"3":{"name":"(anonymous_7)","decl":{"start":{"line":26,"column":2},"end":{"line":26,"column":7}},"loc":{"start":{"line":26,"column":23},"end":{"line":29,"column":3}}},"4":{"name":"(anonymous_8)","decl":{"start":{"line":31,"column":2},"end":{"line":31,"column":7}},"loc":{"start":{"line":31,"column":28},"end":{"line":33,"column":3}}},"5":{"name":"(anonymous_9)","decl":{"start":{"line":35,"column":2},"end":{"line":35,"column":7}},"loc":{"start":{"line":35,"column":21},"end":{"line":40,"column":3}}}},"branchMap":{},"s":{"0":1,"1":1,"2":1,"3":1,"4":1,"5":1,"6":0,"7":0,"8":0,"9":0,"10":0,"11":0,"12":0,"13":0,"14":0,"15":0,"16":0,"17":0,"18":0,"19":0,"20":1,"21":1},"f":{"0":0,"1":0,"2":0,"3":0,"4":0,"5":0},"b":{}}
,"C:\\Users\\daniel.valencia\\projects\\pets\\back\\src\\infraestructura\\pet\\controller\\pet-controller.ts": {"path":"C:\\Users\\daniel.valencia\\projects\\pets\\back\\src\\infraestructura\\pet\\controller\\pet-controller.ts","statementMap":{"0":{"start":{"line":1,"column":0},"end":{"line":1,"column":null}},"1":{"start":{"line":12,"column":0},"end":{"line":12,"column":79}},"2":{"start":{"line":13,"column":0},"end":{"line":13,"column":79}},"3":{"start":{"line":15,"column":0},"end":{"line":15,"column":77}},"4":{"start":{"line":16,"column":0},"end":{"line":16,"column":75}},"5":{"start":{"line":17,"column":0},"end":{"line":17,"column":81}},"6":{"start":{"line":18,"column":0},"end":{"line":18,"column":81}},"7":{"start":{"line":21,"column":0},"end":{"line":58,"column":null}},"8":{"start":{"line":23,"column":21},"end":{"line":23,"column":39}},"9":{"start":{"line":24,"column":21},"end":{"line":24,"column":40}},"10":{"start":{"line":25,"column":21},"end":{"line":25,"column":39}},"11":{"start":{"line":26,"column":21},"end":{"line":26,"column":39}},"12":{"start":{"line":27,"column":21},"end":{"line":27,"column":40}},"13":{"start":{"line":33,"column":4},"end":{"line":33,"column":53}},"14":{"start":{"line":41,"column":4},"end":{"line":41,"column":59}},"15":{"start":{"line":46,"column":4},"end":{"line":46,"column":41}},"16":{"start":{"line":51,"column":4},"end":{"line":51,"column":45}},"17":{"start":{"line":56,"column":4},"end":{"line":56,"column":48}},"18":{"start":{"line":32,"column":2},"end":{"line":34,"column":null}},"19":{"start":{"line":37,"column":2},"end":{"line":42,"column":null}},"20":{"start":{"line":45,"column":2},"end":{"line":47,"column":null}},"21":{"start":{"line":50,"column":2},"end":{"line":52,"column":null}},"22":{"start":{"line":55,"column":2},"end":{"line":57,"column":null}},"23":{"start":{"line":21,"column":13},"end":{"line":58,"column":null}},"24":{"start":{"line":21,"column":13},"end":{"line":21,"column":26}}},"fnMap":{"0":{"name":"(anonymous_4)","decl":{"start":{"line":22,"column":2},"end":{"line":22,"column":null}},"loc":{"start":{"line":27,"column":56},"end":{"line":28,"column":6}}},"1":{"name":"(anonymous_5)","decl":{"start":{"line":32,"column":2},"end":{"line":32,"column":7}},"loc":{"start":{"line":32,"column":55},"end":{"line":34,"column":3}}},"2":{"name":"(anonymous_6)","decl":{"start":{"line":37,"column":2},"end":{"line":37,"column":7}},"loc":{"start":{"line":39,"column":44},"end":{"line":42,"column":3}}},"3":{"name":"(anonymous_7)","decl":{"start":{"line":45,"column":2},"end":{"line":45,"column":7}},"loc":{"start":{"line":45,"column":38},"end":{"line":47,"column":3}}},"4":{"name":"(anonymous_8)","decl":{"start":{"line":50,"column":2},"end":{"line":50,"column":7}},"loc":{"start":{"line":50,"column":12},"end":{"line":52,"column":3}}},"5":{"name":"(anonymous_9)","decl":{"start":{"line":55,"column":2},"end":{"line":55,"column":7}},"loc":{"start":{"line":55,"column":33},"end":{"line":57,"column":3}}}},"branchMap":{},"s":{"0":1,"1":1,"2":1,"3":1,"4":1,"5":1,"6":1,"7":1,"8":0,"9":0,"10":0,"11":0,"12":0,"13":0,"14":0,"15":0,"16":0,"17":0,"18":1,"19":1,"20":1,"21":1,"22":1,"23":1,"24":1},"f":{"0":0,"1":0,"2":0,"3":0,"4":0,"5":0},"b":{}}
,"C:\\Users\\daniel.valencia\\projects\\pets\\back\\src\\infraestructura\\pet\\entity\\pet.entity.ts": {"path":"C:\\Users\\daniel.valencia\\projects\\pets\\back\\src\\infraestructura\\pet\\entity\\pet.entity.ts","statementMap":{"0":{"start":{"line":1,"column":0},"end":{"line":1,"column":76}},"1":{"start":{"line":2,"column":0},"end":{"line":2,"column":82}},"2":{"start":{"line":5,"column":0},"end":{"line":17,"column":null}},"3":{"start":{"line":7,"column":2},"end":{"line":7,"column":null}},"4":{"start":{"line":10,"column":2},"end":{"line":10,"column":null}},"5":{"start":{"line":13,"column":2},"end":{"line":13,"column":null}},"6":{"start":{"line":16,"column":2},"end":{"line":16,"column":null}},"7":{"start":{"line":15,"column":21},"end":{"line":15,"column":34}},"8":{"start":{"line":15,"column":47},"end":{"line":15,"column":58}},"9":{"start":{"line":5,"column":13},"end":{"line":17,"column":null}},"10":{"start":{"line":5,"column":13},"end":{"line":5,"column":22}}},"fnMap":{"0":{"name":"(anonymous_2)","decl":{"start":{"line":15,"column":13},"end":{"line":15,"column":17}},"loc":{"start":{"line":15,"column":21},"end":{"line":15,"column":34}}},"1":{"name":"(anonymous_3)","decl":{"start":{"line":15,"column":36},"end":{"line":15,"column":43}},"loc":{"start":{"line":15,"column":47},"end":{"line":15,"column":58}}}},"branchMap":{},"s":{"0":1,"1":1,"2":1,"3":1,"4":1,"5":1,"6":1,"7":0,"8":0,"9":1,"10":1},"f":{"0":0,"1":0},"b":{}}
,"C:\\Users\\daniel.valencia\\projects\\pets\\back\\src\\infraestructura\\pet\\provider\\service\\store-pet-service.provider.ts": {"path":"C:\\Users\\daniel.valencia\\projects\\pets\\back\\src\\infraestructura\\pet\\provider\\service\\store-pet-service.provider.ts","statementMap":{"0":{"start":{"line":2,"column":0},"end":{"line":2,"column":76}},"1":{"start":{"line":5,"column":2},"end":{"line":5,"column":44}},"2":{"start":{"line":4,"column":0},"end":{"line":4,"column":16}}},"fnMap":{"0":{"name":"storePetServiceProvider","decl":{"start":{"line":4,"column":16},"end":{"line":4,"column":39}},"loc":{"start":{"line":4,"column":68},"end":{"line":6,"column":1}}}},"branchMap":{},"s":{"0":1,"1":1,"2":1},"f":{"0":1},"b":{}}
,"C:\\Users\\daniel.valencia\\projects\\pets\\back\\src\\infraestructura\\usuario\\adaptador\\dao\\dao-usuario-mysql.ts": {"path":"C:\\Users\\daniel.valencia\\projects\\pets\\back\\src\\infraestructura\\usuario\\adaptador\\dao\\dao-usuario-mysql.ts","statementMap":{"0":{"start":{"line":1,"column":0},"end":{"line":1,"column":40}},"1":{"start":{"line":2,"column":0},"end":{"line":2,"column":54}},"2":{"start":{"line":3,"column":0},"end":{"line":3,"column":44}},"3":{"start":{"line":8,"column":0},"end":{"line":19,"column":null}},"4":{"start":{"line":11,"column":21},"end":{"line":11,"column":36}},"5":{"start":{"line":15,"column":4},"end":{"line":17,"column":6}},"6":{"start":{"line":8,"column":13},"end":{"line":19,"column":null}},"7":{"start":{"line":8,"column":13},"end":{"line":8,"column":28}}},"fnMap":{"0":{"name":"(anonymous_4)","decl":{"start":{"line":9,"column":2},"end":{"line":9,"column":null}},"loc":{"start":{"line":11,"column":49},"end":{"line":12,"column":6}}},"1":{"name":"(anonymous_5)","decl":{"start":{"line":14,"column":2},"end":{"line":14,"column":7}},"loc":{"start":{"line":14,"column":14},"end":{"line":18,"column":3}}}},"branchMap":{},"s":{"0":2,"1":2,"2":2,"3":2,"4":0,"5":0,"6":2,"7":2},"f":{"0":0,"1":0},"b":{}}
,"C:\\Users\\daniel.valencia\\projects\\pets\\back\\src\\infraestructura\\usuario\\adaptador\\repositorio\\repositorio-usuario-mysql.ts": {"path":"C:\\Users\\daniel.valencia\\projects\\pets\\back\\src\\infraestructura\\usuario\\adaptador\\repositorio\\repositorio-usuario-mysql.ts","statementMap":{"0":{"start":{"line":3,"column":0},"end":{"line":3,"column":51}},"1":{"start":{"line":4,"column":0},"end":{"line":4,"column":63}},"2":{"start":{"line":5,"column":0},"end":{"line":5,"column":37}},"3":{"start":{"line":6,"column":0},"end":{"line":6,"column":44}},"4":{"start":{"line":9,"column":0},"end":{"line":26,"column":null}},"5":{"start":{"line":12,"column":21},"end":{"line":12,"column":34}},"6":{"start":{"line":16,"column":4},"end":{"line":16,"column":64}},"7":{"start":{"line":20,"column":20},"end":{"line":20,"column":40}},"8":{"start":{"line":21,"column":4},"end":{"line":21,"column":40}},"9":{"start":{"line":22,"column":4},"end":{"line":22,"column":34}},"10":{"start":{"line":23,"column":4},"end":{"line":23,"column":32}},"11":{"start":{"line":24,"column":4},"end":{"line":24,"column":41}},"12":{"start":{"line":9,"column":13},"end":{"line":26,"column":null}},"13":{"start":{"line":9,"column":13},"end":{"line":9,"column":36}}},"fnMap":{"0":{"name":"(anonymous_4)","decl":{"start":{"line":10,"column":2},"end":{"line":10,"column":null}},"loc":{"start":{"line":12,"column":60},"end":{"line":13,"column":6}}},"1":{"name":"(anonymous_5)","decl":{"start":{"line":15,"column":2},"end":{"line":15,"column":7}},"loc":{"start":{"line":15,"column":40},"end":{"line":17,"column":3}}},"2":{"name":"(anonymous_6)","decl":{"start":{"line":19,"column":2},"end":{"line":19,"column":7}},"loc":{"start":{"line":19,"column":32},"end":{"line":25,"column":3}}}},"branchMap":{},"s":{"0":2,"1":2,"2":2,"3":2,"4":2,"5":0,"6":0,"7":0,"8":0,"9":0,"10":0,"11":0,"12":2,"13":2},"f":{"0":0,"1":0,"2":0},"b":{}}
,"C:\\Users\\daniel.valencia\\projects\\pets\\back\\src\\infraestructura\\usuario\\controlador\\usuario.controlador.ts": {"path":"C:\\Users\\daniel.valencia\\projects\\pets\\back\\src\\infraestructura\\usuario\\controlador\\usuario.controlador.ts","statementMap":{"0":{"start":{"line":1,"column":0},"end":{"line":1,"column":null}},"1":{"start":{"line":9,"column":0},"end":{"line":9,"column":99}},"2":{"start":{"line":10,"column":0},"end":{"line":10,"column":102}},"3":{"start":{"line":11,"column":0},"end":{"line":11,"column":99}},"4":{"start":{"line":15,"column":0},"end":{"line":32,"column":null}},"5":{"start":{"line":17,"column":21},"end":{"line":17,"column":49}},"6":{"start":{"line":18,"column":21},"end":{"line":18,"column":46}},"7":{"start":{"line":24,"column":4},"end":{"line":24,"column":56}},"8":{"start":{"line":25,"column":4},"end":{"line":25,"column":76}},"9":{"start":{"line":30,"column":4},"end":{"line":30,"column":57}},"10":{"start":{"line":23,"column":2},"end":{"line":26,"column":null}},"11":{"start":{"line":29,"column":2},"end":{"line":31,"column":null}},"12":{"start":{"line":15,"column":13},"end":{"line":32,"column":null}},"13":{"start":{"line":15,"column":13},"end":{"line":15,"column":31}}},"fnMap":{"0":{"name":"(anonymous_4)","decl":{"start":{"line":16,"column":2},"end":{"line":16,"column":null}},"loc":{"start":{"line":18,"column":68},"end":{"line":19,"column":6}}},"1":{"name":"(anonymous_5)","decl":{"start":{"line":23,"column":2},"end":{"line":23,"column":7}},"loc":{"start":{"line":23,"column":70},"end":{"line":26,"column":3}}},"2":{"name":"(anonymous_6)","decl":{"start":{"line":29,"column":2},"end":{"line":29,"column":7}},"loc":{"start":{"line":29,"column":14},"end":{"line":31,"column":3}}}},"branchMap":{},"s":{"0":2,"1":2,"2":2,"3":2,"4":2,"5":2,"6":2,"7":4,"8":4,"9":2,"10":2,"11":2,"12":2,"13":2},"f":{"0":2,"1":4,"2":2},"b":{}}
,"C:\\Users\\daniel.valencia\\projects\\pets\\back\\src\\infraestructura\\usuario\\entidad\\usuario.entidad.ts": {"path":"C:\\Users\\daniel.valencia\\projects\\pets\\back\\src\\infraestructura\\usuario\\entidad\\usuario.entidad.ts","statementMap":{"0":{"start":{"line":1,"column":0},"end":{"line":1,"column":65}},"1":{"start":{"line":2,"column":0},"end":{"line":2,"column":42}},"2":{"start":{"line":5,"column":0},"end":{"line":21,"column":null}},"3":{"start":{"line":7,"column":2},"end":{"line":7,"column":null}},"4":{"start":{"line":10,"column":2},"end":{"line":10,"column":null}},"5":{"start":{"line":13,"column":2},"end":{"line":13,"column":null}},"6":{"start":{"line":16,"column":2},"end":{"line":16,"column":null}},"7":{"start":{"line":20,"column":2},"end":{"line":20,"column":null}},"8":{"start":{"line":5,"column":13},"end":{"line":21,"column":null}},"9":{"start":{"line":5,"column":13},"end":{"line":5,"column":27}}},"fnMap":{},"branchMap":{},"s":{"0":2,"1":2,"2":2,"3":2,"4":2,"5":2,"6":2,"7":2,"8":2,"9":2},"f":{},"b":{}}
,"C:\\Users\\daniel.valencia\\projects\\pets\\back\\src\\infraestructura\\usuario\\proveedor\\servicio\\servicio-registrar-usuario.proveedor.ts": {"path":"C:\\Users\\daniel.valencia\\projects\\pets\\back\\src\\infraestructura\\usuario\\proveedor\\servicio\\servicio-registrar-usuario.proveedor.ts","statementMap":{"0":{"start":{"line":2,"column":0},"end":{"line":2,"column":99}},"1":{"start":{"line":5,"column":2},"end":{"line":5,"column":58}},"2":{"start":{"line":4,"column":0},"end":{"line":4,"column":16}}},"fnMap":{"0":{"name":"servicioRegistrarUsuarioProveedor","decl":{"start":{"line":4,"column":16},"end":{"line":4,"column":49}},"loc":{"start":{"line":4,"column":88},"end":{"line":6,"column":1}}}},"branchMap":{},"s":{"0":2,"1":2,"2":2},"f":{"0":2},"b":{}}
,"C:\\Users\\daniel.valencia\\projects\\pets\\back\\src\\infraestructura\\vaccine\\entity\\vaccine.entity.ts": {"path":"C:\\Users\\daniel.valencia\\projects\\pets\\back\\src\\infraestructura\\vaccine\\entity\\vaccine.entity.ts","statementMap":{"0":{"start":{"line":1,"column":0},"end":{"line":1,"column":76}},"1":{"start":{"line":2,"column":0},"end":{"line":2,"column":70}},"2":{"start":{"line":5,"column":0},"end":{"line":23,"column":null}},"3":{"start":{"line":7,"column":2},"end":{"line":7,"column":null}},"4":{"start":{"line":10,"column":2},"end":{"line":10,"column":null}},"5":{"start":{"line":13,"column":2},"end":{"line":13,"column":null}},"6":{"start":{"line":22,"column":2},"end":{"line":22,"column":null}},"7":{"start":{"line":16,"column":12},"end":{"line":16,"column":21}},"8":{"start":{"line":17,"column":11},"end":{"line":17,"column":23}},"9":{"start":{"line":5,"column":13},"end":{"line":23,"column":null}},"10":{"start":{"line":5,"column":13},"end":{"line":5,"column":26}}},"fnMap":{"0":{"name":"(anonymous_2)","decl":{"start":{"line":16,"column":4},"end":{"line":16,"column":8}},"loc":{"start":{"line":16,"column":12},"end":{"line":16,"column":21}}},"1":{"name":"(anonymous_3)","decl":{"start":{"line":17,"column":4},"end":{"line":17,"column":7}},"loc":{"start":{"line":17,"column":11},"end":{"line":17,"column":23}}}},"branchMap":{},"s":{"0":1,"1":1,"2":1,"3":1,"4":1,"5":1,"6":1,"7":0,"8":0,"9":1,"10":1},"f":{"0":0,"1":0},"b":{}}
,"C:\\Users\\daniel.valencia\\projects\\pets\\back\\test\\util\\create-object.stub.ts": {"path":"C:\\Users\\daniel.valencia\\projects\\pets\\back\\test\\util\\create-object.stub.ts","statementMap":{"0":{"start":{"line":1,"column":0},"end":{"line":1,"column":86}},"1":{"start":{"line":15,"column":3},"end":{"line":19,"column":null}},"2":{"start":{"line":16,"column":5},"end":{"line":18,"column":null}},"3":{"start":{"line":17,"column":6},"end":{"line":17,"column":42}},"4":{"start":{"line":23,"column":26},"end":{"line":23,"column":73}},"5":{"start":{"line":24,"column":2},"end":{"line":24,"column":72}},"6":{"start":{"line":25,"column":2},"end":{"line":25,"column":34}},"7":{"start":{"line":22,"column":0},"end":{"line":22,"column":16}},"8":{"start":{"line":29,"column":31},"end":{"line":29,"column":33}},"9":{"start":{"line":30,"column":3},"end":{"line":30,"column":85}},"10":{"start":{"line":30,"column":47},"end":{"line":30,"column":83}},"11":{"start":{"line":31,"column":2},"end":{"line":31,"column":64}},"12":{"start":{"line":32,"column":2},"end":{"line":32,"column":25}},"13":{"start":{"line":28,"column":0},"end":{"line":28,"column":16}}},"fnMap":{"0":{"name":"addResetBehaviorToStub","decl":{"start":{"line":14,"column":9},"end":{"line":14,"column":31}},"loc":{"start":{"line":14,"column":98},"end":{"line":20,"column":1}}},"1":{"name":"(anonymous_1)","decl":{"start":{"line":15,"column":41},"end":{"line":15,"column":44}},"loc":{"start":{"line":15,"column":46},"end":{"line":19,"column":3}}},"2":{"name":"(anonymous_2)","decl":{"start":{"line":16,"column":33},"end":{"line":16,"column":34}},"loc":{"start":{"line":16,"column":48},"end":{"line":18,"column":5}}},"3":{"name":"createCustomStubInstance","decl":{"start":{"line":22,"column":16},"end":{"line":22,"column":40}},"loc":{"start":{"line":22,"column":116},"end":{"line":26,"column":1}}},"4":{"name":"createStubObj","decl":{"start":{"line":28,"column":16},"end":{"line":28,"column":29}},"loc":{"start":{"line":28,"column":67},"end":{"line":33,"column":1}}},"5":{"name":"(anonymous_5)","decl":{"start":{"line":30,"column":31},"end":{"line":30,"column":32}},"loc":{"start":{"line":30,"column":47},"end":{"line":30,"column":83}}}},"branchMap":{},"s":{"0":6,"1":11,"2":14,"3":0,"4":6,"5":6,"6":6,"7":6,"8":5,"9":5,"10":9,"11":5,"12":5,"13":6},"f":{"0":11,"1":14,"2":0,"3":6,"4":5,"5":9},"b":{}}
}
