TN:
SF:src\aplicacion\pet\command\delete-pet.handler.ts
FN:6,(anonymous_2)
FN:8,(anonymous_3)
FNF:2
FNH:1
FNDA:1,(anonymous_2)
FNDA:0,(anonymous_3)
DA:1,1
DA:2,1
DA:5,1
DA:6,1
DA:9,0
LF:5
LH:4
BRF:0
BRH:0
end_of_record
TN:
SF:src\aplicacion\pet\command\store-pet.command.ts
FNF:0
FNH:0
DA:1,1
DA:2,1
DA:5,1
DA:8,1
DA:12,1
DA:16,1
LF:6
LH:6
BRF:0
BRH:0
end_of_record
TN:
SF:src\aplicacion\pet\command\store-pet.handler.ts
FN:8,(anonymous_2)
FN:10,(anonymous_3)
FNF:2
FNH:2
FNDA:1,(anonymous_2)
FNDA:2,(anonymous_3)
DA:1,1
DA:2,1
DA:4,1
DA:7,1
DA:8,1
DA:11,2
LF:6
LH:6
BRF:0
BRH:0
end_of_record
TN:
SF:src\aplicacion\pet\command\update-pet.handler.ts
FN:8,(anonymous_2)
FN:10,(anonymous_3)
FNF:2
FNH:2
FNDA:1,(anonymous_2)
FNDA:1,(anonymous_3)
DA:1,1
DA:2,1
DA:4,1
DA:7,1
DA:8,1
DA:11,1
LF:6
LH:6
BRF:0
BRH:0
end_of_record
TN:
SF:src\aplicacion\pet\query\find-pet.handler.ts
FN:7,(anonymous_2)
FN:9,(anonymous_3)
FNF:2
FNH:2
FNDA:2,(anonymous_2)
FNDA:1,(anonymous_3)
DA:1,2
DA:2,2
DA:6,2
DA:7,2
DA:10,1
LF:5
LH:5
BRF:0
BRH:0
end_of_record
TN:
SF:src\aplicacion\pet\query\list-pets.handler.ts
FN:7,(anonymous_2)
FN:9,(anonymous_3)
FNF:2
FNH:2
FNDA:1,(anonymous_2)
FNDA:1,(anonymous_3)
DA:1,1
DA:2,1
DA:6,1
DA:7,1
DA:10,1
LF:5
LH:5
BRF:0
BRH:0
end_of_record
TN:
SF:src\aplicacion\usuario\comando\registar-usuario.manejador.ts
FN:8,(anonymous_2)
FN:10,(anonymous_3)
FNF:2
FNH:2
FNDA:1,(anonymous_2)
FNDA:2,(anonymous_3)
DA:1,1
DA:2,1
DA:4,1
DA:7,1
DA:8,1
DA:11,2
LF:6
LH:6
BRF:0
BRH:0
end_of_record
TN:
SF:src\aplicacion\usuario\comando\registrar-usuario.comando.ts
FNF:0
FNH:0
DA:1,1
DA:2,1
DA:4,1
DA:7,1
DA:11,1
DA:15,1
LF:6
LH:6
BRF:0
BRH:0
end_of_record
TN:
SF:src\aplicacion\usuario\consulta\listar-usuarios.manejador.ts
FN:8,(anonymous_2)
FN:10,(anonymous_3)
FNF:2
FNH:2
FNDA:1,(anonymous_2)
FNDA:1,(anonymous_3)
DA:1,1
DA:3,1
DA:7,1
DA:8,1
DA:11,1
LF:5
LH:5
BRF:0
BRH:0
end_of_record
TN:
SF:src\aplicacion\vaccine\command\delete-vaccine.handler.ts
FN:6,(anonymous_2)
FN:8,(anonymous_3)
FNF:2
FNH:1
FNDA:1,(anonymous_2)
FNDA:0,(anonymous_3)
DA:1,1
DA:2,1
DA:5,1
DA:6,1
DA:9,0
LF:5
LH:4
BRF:0
BRH:0
end_of_record
TN:
SF:src\aplicacion\vaccine\command\store-vaccine.command.ts
FNF:0
FNH:0
DA:1,1
DA:2,1
DA:3,1
DA:5,1
DA:8,1
DA:12,1
DA:16,1
LF:7
LH:7
BRF:0
BRH:0
end_of_record
TN:
SF:src\aplicacion\vaccine\command\store-vaccine.handler.ts
FN:8,(anonymous_2)
FN:10,(anonymous_3)
FNF:2
FNH:2
FNDA:1,(anonymous_2)
FNDA:2,(anonymous_3)
DA:1,1
DA:2,1
DA:4,1
DA:7,1
DA:8,1
DA:11,2
LF:6
LH:6
BRF:0
BRH:0
end_of_record
TN:
SF:src\aplicacion\vaccine\query\list-vaccines-by-pet.handler.ts
FN:7,(anonymous_2)
FN:9,(anonymous_3)
FNF:2
FNH:2
FNDA:1,(anonymous_2)
FNDA:1,(anonymous_3)
DA:1,1
DA:2,1
DA:6,1
DA:7,1
DA:10,1
LF:5
LH:5
BRF:0
BRH:0
end_of_record
TN:
SF:src\aplicacion\vaccine\query\list-vaccines.handler.ts
FN:7,(anonymous_2)
FN:9,(anonymous_3)
FNF:2
FNH:2
FNDA:1,(anonymous_2)
FNDA:1,(anonymous_3)
DA:1,1
DA:2,1
DA:6,1
DA:7,1
DA:10,1
LF:5
LH:5
BRF:0
BRH:0
end_of_record
TN:
SF:src\dominio\errores\error-de-negocio.ts
FN:2,(anonymous_0)
FNF:1
FNH:1
FNDA:15,(anonymous_0)
DA:1,10
DA:3,15
DA:4,15
LF:3
LH:3
BRDA:4,0,0,15
BRDA:4,0,1,2
BRF:2
BRH:2
end_of_record
TN:
SF:src\dominio\errores\error-longitud-invalida.ts
FN:4,(anonymous_0)
FNF:1
FNH:1
FNDA:3,(anonymous_0)
DA:1,3
DA:3,3
DA:5,3
LF:3
LH:3
BRF:0
BRH:0
end_of_record
TN:
SF:src\dominio\errores\error-valor-requerido.ts
FN:4,(anonymous_0)
FNF:1
FNH:1
FNDA:10,(anonymous_0)
DA:1,7
DA:3,7
DA:5,10
LF:3
LH:3
BRF:0
BRH:0
end_of_record
TN:
SF:src\dominio\pet\model\pet.ts
FN:10,(anonymous_2)
FN:17,(anonymous_3)
FN:25,(anonymous_4)
FN:29,(anonymous_5)
FN:33,(anonymous_6)
FN:37,(anonymous_7)
FNF:6
FNH:4
FNDA:11,(anonymous_2)
FNDA:11,(anonymous_3)
FNDA:0,(anonymous_4)
FNDA:1,(anonymous_5)
FNDA:1,(anonymous_6)
FNDA:0,(anonymous_7)
DA:1,6
DA:4,6
DA:5,11
DA:6,11
DA:7,11
DA:8,11
DA:11,11
DA:12,8
DA:13,8
DA:14,8
DA:18,11
DA:19,3
DA:26,0
DA:30,1
DA:34,1
DA:38,0
LF:16
LH:14
BRDA:18,0,0,3
BRDA:18,0,1,8
BRDA:18,1,0,11
BRDA:18,1,1,8
BRF:4
BRH:4
end_of_record
TN:
SF:src\dominio\pet\port\dao\pet-dao.ts
FNF:0
FNH:0
DA:3,2
LF:1
LH:1
BRF:0
BRH:0
end_of_record
TN:
SF:src\dominio\pet\port\repository\pet-repository.ts
FNF:0
FNH:0
DA:3,1
LF:1
LH:1
BRF:0
BRH:0
end_of_record
TN:
SF:src\dominio\pet\service\delete-pet-service.ts
FN:4,(anonymous_0)
FN:6,(anonymous_1)
FNF:2
FNH:2
FNDA:2,(anonymous_0)
FNDA:1,(anonymous_1)
DA:3,2
DA:4,2
DA:7,1
LF:3
LH:3
BRF:0
BRH:0
end_of_record
TN:
SF:src\dominio\pet\service\store-pet-service.ts
FN:5,(anonymous_0)
FN:6,(anonymous_1)
FNF:2
FNH:2
FNDA:2,(anonymous_0)
FNDA:2,(anonymous_1)
DA:4,2
DA:5,2
DA:7,2
LF:3
LH:3
BRF:0
BRH:0
end_of_record
TN:
SF:src\dominio\pet\service\update-pet-service.ts
FN:5,(anonymous_0)
FN:7,(anonymous_1)
FNF:2
FNH:2
FNDA:2,(anonymous_0)
FNDA:1,(anonymous_1)
DA:4,2
DA:5,2
DA:8,1
LF:3
LH:3
BRF:0
BRH:0
end_of_record
TN:
SF:src\dominio\usuario\modelo\usuario.ts
FN:9,(anonymous_2)
FN:16,(anonymous_3)
FN:24,(anonymous_4)
FN:28,(anonymous_5)
FN:32,(anonymous_6)
FNF:5
FNH:5
FNDA:6,(anonymous_2)
FNDA:6,(anonymous_3)
FNDA:1,(anonymous_4)
FNDA:5,(anonymous_5)
FNDA:1,(anonymous_6)
DA:1,3
DA:3,3
DA:4,3
DA:5,6
DA:6,6
DA:7,6
DA:10,6
DA:11,4
DA:12,4
DA:13,4
DA:17,6
DA:18,2
DA:25,1
DA:29,5
DA:33,1
LF:15
LH:15
BRDA:17,0,0,2
BRDA:17,0,1,4
BRF:2
BRH:2
end_of_record
TN:
SF:src\dominio\usuario\puerto\dao\dao-usuario.ts
FNF:0
FNH:0
DA:3,1
LF:1
LH:1
BRF:0
BRH:0
end_of_record
TN:
SF:src\dominio\usuario\puerto\repositorio\repositorio-usuario.ts
FNF:0
FNH:0
DA:3,1
LF:1
LH:1
BRF:0
BRH:0
end_of_record
TN:
SF:src\dominio\usuario\servicio\servicio-registrar-usuario.ts
FN:6,(anonymous_0)
FN:8,(anonymous_1)
FNF:2
FNH:2
FNDA:3,(anonymous_0)
FNDA:3,(anonymous_1)
DA:3,2
DA:5,2
DA:6,3
DA:9,3
DA:10,2
DA:12,1
LF:6
LH:6
BRDA:9,0,0,2
BRDA:9,0,1,1
BRF:2
BRH:2
end_of_record
TN:
SF:src\dominio\vaccine\model\vaccine.ts
FN:10,(anonymous_2)
FN:18,(anonymous_3)
FN:26,(anonymous_4)
FN:34,(anonymous_5)
FN:38,(anonymous_6)
FN:42,(anonymous_7)
FNF:6
FNH:5
FNDA:8,(anonymous_2)
FNDA:8,(anonymous_3)
FNDA:6,(anonymous_4)
FNDA:2,(anonymous_5)
FNDA:2,(anonymous_6)
FNDA:0,(anonymous_7)
DA:1,3
DA:5,3
DA:6,8
DA:7,8
DA:8,8
DA:11,8
DA:12,6
DA:13,4
DA:14,4
DA:15,4
DA:19,8
DA:20,2
DA:27,6
DA:28,2
DA:35,2
DA:39,2
DA:43,0
LF:17
LH:16
BRDA:19,0,0,2
BRDA:19,0,1,6
BRDA:19,1,0,8
BRDA:19,1,1,6
BRDA:27,2,0,2
BRDA:27,2,1,4
BRDA:27,3,0,6
BRDA:27,3,1,4
BRF:8
BRH:8
end_of_record
TN:
SF:src\dominio\vaccine\port\dao\vaccine-dao.ts
FNF:0
FNH:0
DA:3,1
LF:1
LH:1
BRF:0
BRH:0
end_of_record
TN:
SF:src\dominio\vaccine\port\repository\vaccine-repository.ts
FNF:0
FNH:0
DA:3,1
LF:1
LH:1
BRF:0
BRH:0
end_of_record
TN:
SF:src\dominio\vaccine\service\delete-vaccine-service.ts
FN:4,(anonymous_0)
FN:6,(anonymous_1)
FNF:2
FNH:2
FNDA:4,(anonymous_0)
FNDA:2,(anonymous_1)
DA:3,3
DA:4,4
DA:7,2
LF:3
LH:3
BRF:0
BRH:0
end_of_record
TN:
SF:src\dominio\vaccine\service\store-vaccine-service.ts
FN:5,(anonymous_0)
FN:7,(anonymous_1)
FNF:2
FNH:2
FNDA:3,(anonymous_0)
FNDA:2,(anonymous_1)
DA:4,2
DA:5,3
DA:8,2
LF:3
LH:3
BRF:0
BRH:0
end_of_record
TN:
SF:src\infraestructura\configuracion\ceiba-logger.config.ts
FN:6,(anonymous_1)
FNF:1
FNH:1
FNDA:6,(anonymous_1)
DA:1,3
DA:4,3
DA:7,6
LF:3
LH:3
BRF:0
BRH:0
end_of_record
TN:
SF:src\infraestructura\excepciones\filtro-excepciones-negocio.ts
FN:10,(anonymous_2)
FN:14,(anonymous_3)
FNF:2
FNH:2
FNDA:3,(anonymous_2)
FNDA:6,(anonymous_3)
DA:1,3
DA:3,3
DA:5,3
DA:8,3
DA:10,3
DA:11,3
DA:15,6
DA:16,6
DA:17,6
DA:19,6
DA:21,6
DA:28,6
DA:29,6
LF:13
LH:13
BRF:0
BRH:0
end_of_record
TN:
SF:src\infraestructura\pet\adapter\dao\pet-mysql-dao.ts
FN:9,(anonymous_4)
FN:13,(anonymous_5)
FN:18,(anonymous_6)
FNF:3
FNH:0
FNDA:0,(anonymous_4)
FNDA:0,(anonymous_5)
FNDA:0,(anonymous_6)
DA:3,1
DA:4,1
DA:5,1
DA:8,1
DA:11,0
DA:14,0
DA:19,0
LF:7
LH:4
BRF:0
BRH:0
end_of_record
TN:
SF:src\infraestructura\pet\adapter\repository\pet-mysql-repository.ts
FN:11,(anonymous_4)
FN:15,(anonymous_5)
FN:22,(anonymous_6)
FN:26,(anonymous_7)
FN:31,(anonymous_8)
FN:35,(anonymous_9)
FNF:6
FNH:0
FNDA:0,(anonymous_4)
FNDA:0,(anonymous_5)
FNDA:0,(anonymous_6)
FNDA:0,(anonymous_7)
FNDA:0,(anonymous_8)
FNDA:0,(anonymous_9)
DA:1,1
DA:3,1
DA:4,1
DA:5,1
DA:6,1
DA:10,1
DA:13,0
DA:16,0
DA:17,0
DA:18,0
DA:19,0
DA:20,0
DA:23,0
DA:27,0
DA:28,0
DA:32,0
DA:36,0
DA:37,0
DA:38,0
DA:39,0
LF:20
LH:6
BRF:0
BRH:0
end_of_record
TN:
SF:src\infraestructura\pet\controller\pet-controller.ts
FN:22,(anonymous_4)
FN:32,(anonymous_5)
FN:37,(anonymous_6)
FN:45,(anonymous_7)
FN:50,(anonymous_8)
FN:55,(anonymous_9)
FNF:6
FNH:5
FNDA:1,(anonymous_4)
FNDA:2,(anonymous_5)
FNDA:1,(anonymous_6)
FNDA:0,(anonymous_7)
FNDA:1,(anonymous_8)
FNDA:1,(anonymous_9)
DA:1,1
DA:12,1
DA:13,1
DA:15,1
DA:16,1
DA:17,1
DA:18,1
DA:21,1
DA:23,1
DA:24,1
DA:25,1
DA:26,1
DA:27,1
DA:32,1
DA:33,2
DA:37,1
DA:41,1
DA:45,1
DA:46,0
DA:50,1
DA:51,1
DA:55,1
DA:56,1
LF:23
LH:22
BRF:0
BRH:0
end_of_record
TN:
SF:src\infraestructura\pet\entity\pet.entity.ts
FN:15,(anonymous_2)
FN:15,(anonymous_3)
FNF:2
FNH:0
FNDA:0,(anonymous_2)
FNDA:0,(anonymous_3)
DA:1,2
DA:2,2
DA:5,2
DA:7,2
DA:10,2
DA:13,2
DA:15,0
DA:16,2
LF:8
LH:7
BRF:0
BRH:0
end_of_record
TN:
SF:src\infraestructura\pet\provider\service\store-pet-service.provider.ts
FN:4,storePetServiceProvider
FNF:1
FNH:1
FNDA:1,storePetServiceProvider
DA:2,1
DA:4,1
DA:5,1
LF:3
LH:3
BRF:0
BRH:0
end_of_record
TN:
SF:src\infraestructura\usuario\adaptador\dao\dao-usuario-mysql.ts
FN:9,(anonymous_4)
FN:14,(anonymous_5)
FNF:2
FNH:0
FNDA:0,(anonymous_4)
FNDA:0,(anonymous_5)
DA:1,1
DA:2,1
DA:3,1
DA:8,1
DA:11,0
DA:15,0
LF:6
LH:4
BRF:0
BRH:0
end_of_record
TN:
SF:src\infraestructura\usuario\adaptador\repositorio\repositorio-usuario-mysql.ts
FN:10,(anonymous_4)
FN:15,(anonymous_5)
FN:19,(anonymous_6)
FNF:3
FNH:0
FNDA:0,(anonymous_4)
FNDA:0,(anonymous_5)
FNDA:0,(anonymous_6)
DA:3,1
DA:4,1
DA:5,1
DA:6,1
DA:9,1
DA:12,0
DA:16,0
DA:20,0
DA:21,0
DA:22,0
DA:23,0
DA:24,0
LF:12
LH:5
BRF:0
BRH:0
end_of_record
TN:
SF:src\infraestructura\usuario\controlador\usuario.controlador.ts
FN:16,(anonymous_4)
FN:23,(anonymous_5)
FN:29,(anonymous_6)
FNF:3
FNH:3
FNDA:1,(anonymous_4)
FNDA:2,(anonymous_5)
FNDA:1,(anonymous_6)
DA:1,1
DA:9,1
DA:10,1
DA:11,1
DA:15,1
DA:17,1
DA:18,1
DA:23,1
DA:24,2
DA:25,2
DA:29,1
DA:30,1
LF:12
LH:12
BRF:0
BRH:0
end_of_record
TN:
SF:src\infraestructura\usuario\entidad\usuario.entidad.ts
FNF:0
FNH:0
DA:1,1
DA:2,1
DA:5,1
DA:7,1
DA:10,1
DA:13,1
DA:16,1
DA:20,1
LF:8
LH:8
BRF:0
BRH:0
end_of_record
TN:
SF:src\infraestructura\usuario\proveedor\servicio\servicio-registrar-usuario.proveedor.ts
FN:4,servicioRegistrarUsuarioProveedor
FNF:1
FNH:1
FNDA:1,servicioRegistrarUsuarioProveedor
DA:2,1
DA:4,1
DA:5,1
LF:3
LH:3
BRF:0
BRH:0
end_of_record
TN:
SF:src\infraestructura\vaccine\adapter\dao\vaccine-mysql-dao.ts
FN:7,(anonymous_4)
FN:11,(anonymous_5)
FN:17,(anonymous_6)
FNF:3
FNH:0
FNDA:0,(anonymous_4)
FNDA:0,(anonymous_5)
FNDA:0,(anonymous_6)
DA:2,1
DA:3,1
DA:6,1
DA:9,0
DA:12,0
DA:18,0
LF:6
LH:3
BRF:0
BRH:0
end_of_record
TN:
SF:src\infraestructura\vaccine\adapter\repository\vaccine-mysql-repository.ts
FN:9,(anonymous_4)
FN:14,(anonymous_5)
FN:18,(anonymous_6)
FNF:3
FNH:0
FNDA:0,(anonymous_4)
FNDA:0,(anonymous_5)
FNDA:0,(anonymous_6)
DA:2,1
DA:3,1
DA:4,1
DA:6,1
DA:8,1
DA:11,0
DA:15,0
DA:19,0
DA:20,0
DA:21,0
DA:22,0
DA:23,0
DA:24,0
DA:25,0
LF:14
LH:5
BRF:0
BRH:0
end_of_record
TN:
SF:src\infraestructura\vaccine\controller\vaccine-controller.ts
FN:21,(anonymous_4)
FN:30,(anonymous_5)
FN:35,(anonymous_6)
FN:40,(anonymous_7)
FNF:4
FNH:3
FNDA:1,(anonymous_4)
FNDA:2,(anonymous_5)
FNDA:0,(anonymous_6)
FNDA:2,(anonymous_7)
DA:1,1
DA:12,1
DA:13,1
DA:15,1
DA:16,1
DA:17,1
DA:20,1
DA:22,1
DA:23,1
DA:24,1
DA:25,1
DA:30,1
DA:31,2
DA:35,1
DA:36,0
DA:40,1
DA:41,2
DA:42,1
DA:44,1
LF:19
LH:18
BRDA:41,0,0,1
BRDA:41,0,1,1
BRDA:41,1,0,2
BRDA:41,1,1,1
BRF:4
BRH:4
end_of_record
TN:
SF:src\infraestructura\vaccine\entity\vaccine.entity.ts
FN:16,(anonymous_2)
FN:17,(anonymous_3)
FNF:2
FNH:0
FNDA:0,(anonymous_2)
FNDA:0,(anonymous_3)
DA:1,2
DA:2,2
DA:5,2
DA:7,2
DA:10,2
DA:13,2
DA:16,0
DA:17,0
DA:22,2
LF:9
LH:7
BRF:0
BRH:0
end_of_record
TN:
SF:src\infraestructura\vaccine\provider\service\store-vaccine-service-provider.ts
FN:4,storeVaccineServiceProvider
FNF:1
FNH:1
FNDA:1,storeVaccineServiceProvider
DA:2,1
DA:4,1
DA:7,1
LF:3
LH:3
BRF:0
BRH:0
end_of_record
TN:
SF:test\util\create-object.stub.ts
FN:14,addResetBehaviorToStub
FN:15,(anonymous_1)
FN:16,(anonymous_2)
FN:22,createCustomStubInstance
FN:28,createStubObj
FN:30,(anonymous_5)
FNF:6
FNH:5
FNDA:15,addResetBehaviorToStub
FNDA:24,(anonymous_1)
FNDA:0,(anonymous_2)
FNDA:6,createCustomStubInstance
FNDA:9,createStubObj
FNDA:13,(anonymous_5)
DA:1,9
DA:15,15
DA:16,24
DA:17,0
DA:22,9
DA:23,6
DA:24,6
DA:25,6
DA:28,9
DA:29,9
DA:30,13
DA:31,9
DA:32,9
LF:13
LH:12
BRF:0
BRH:0
end_of_record
